<?xml version="1.0" encoding="UTF-8"?>
<!-- Generated by org.testng.reporters.JUnitReportReporter -->
<testsuite skipped="0" hostname="DESKTOP-1QAGAFI" name="CreateAccountTest.SmokeTest" tests="3" failures="0" timestamp="2022-08-25T11:28:44 IST" time="39.353" errors="0">
  <testcase name="VerifyToAdmissionFormPageTest" time="3.966" classname="CreateAccountTest.SmokeTest"/>
  <system-out>
    <![CDATA[AdmissionFormPageTest is displayed]]>
  </system-out>
  <testcase name="VerifyToAdmissionReportPage1Test" time="24.317" classname="CreateAccountTest.SmokeTest"/>
  <system-out>
    <![CDATA[AdmissionFormPageTest is displayed
UploadDocumentPageTest is displayed
VerifyToAdmissionReportPageTest is pass]]>
  </system-out>
  <testcase name="VerifyToUploadDocumentsPageTest" time="11.070" classname="CreateAccountTest.SmokeTest"/>
  <system-out>
    <![CDATA[UploadDocumentPageTest is displayed]]>
  </system-out>
</testsuite> <!-- CreateAccountTest.SmokeTest -->
